0 info it worked if it ends with ok
1 verbose cli [ '/usr/bin/nodejs',
1 verbose cli   '/usr/bin/npm',
1 verbose cli   'view',
1 verbose cli   '--json',
1 verbose cli   'grunt-contrib-less',
1 verbose cli   'description',
1 verbose cli   'dist-tags.latest',
1 verbose cli   'homepage',
1 verbose cli   'version' ]
2 info using npm@3.5.2
3 info using node@v4.2.6
4 silly mapToRegistry name grunt-contrib-less
5 silly mapToRegistry using default registry
6 silly mapToRegistry registry https://registry.npmjs.org/
7 silly mapToRegistry uri https://registry.npmjs.org/grunt-contrib-less
8 verbose request uri https://registry.npmjs.org/grunt-contrib-less
9 verbose request no auth needed
10 info attempt registry request try #1 at 11:01:43 AM
11 verbose request id f559c0e749de0778
12 http request GET https://registry.npmjs.org/grunt-contrib-less
13 info retry will retry, error on last attempt: Error: tunneling socket could not be established, cause=connect ECONNREFUSED 127.0.0.1:8889
14 info attempt registry request try #2 at 11:01:53 AM
15 http request GET https://registry.npmjs.org/grunt-contrib-less
16 info retry will retry, error on last attempt: Error: tunneling socket could not be established, cause=connect ECONNREFUSED 127.0.0.1:8889
17 info attempt registry request try #3 at 11:02:53 AM
18 http request GET https://registry.npmjs.org/grunt-contrib-less
19 verbose stack Error: tunneling socket could not be established, cause=connect ECONNREFUSED 127.0.0.1:8889
19 verbose stack     at ClientRequest.onError (/usr/share/npm/node_modules/request/node_modules/tunnel-agent/index.js:174:17)
19 verbose stack     at ClientRequest.g (events.js:260:16)
19 verbose stack     at emitOne (events.js:77:13)
19 verbose stack     at ClientRequest.emit (events.js:169:7)
19 verbose stack     at Socket.socketErrorListener (_http_client.js:258:9)
19 verbose stack     at emitOne (events.js:77:13)
19 verbose stack     at Socket.emit (events.js:169:7)
19 verbose stack     at emitErrorNT (net.js:1256:8)
19 verbose stack     at nextTickCallbackWith2Args (node.js:441:9)
19 verbose stack     at process._tickCallback (node.js:355:17)
20 verbose cwd /home/zhjd/work/TINY-KE.github.io
21 error Linux 4.15.0-142-generic
22 error argv "/usr/bin/nodejs" "/usr/bin/npm" "view" "--json" "grunt-contrib-less" "description" "dist-tags.latest" "homepage" "version"
23 error node v4.2.6
24 error npm  v3.5.2
25 error code ECONNRESET
26 error network tunneling socket could not be established, cause=connect ECONNREFUSED 127.0.0.1:8889
27 error network This is most likely not a problem with npm itself
27 error network and is related to network connectivity.
27 error network In most cases you are behind a proxy or have bad network settings.
27 error network
27 error network If you are behind a proxy, please make sure that the
27 error network 'proxy' config is set properly.  See: 'npm help config'
28 verbose exit [ 1, true ]
